<?xml version="1.0" encoding="UTF-8"?>
<!-- Generated by org.testng.reporters.JUnitReportReporter -->
<testsuite hostname="MD_TOUFIQUE" failures="0" tests="1" name="tests.TC_AddRandomProductsToCart" time="1.753" errors="0" timestamp="2025-07-13T02:00:34 IST" skipped="0">
  <testcase classname="tests.TC_AddRandomProductsToCart" name="addTwoRandomProductsToCart" time="1.753"/>
</testsuite> <!-- tests.TC_AddRandomProductsToCart -->
