<?xml version="1.0" encoding="UTF-8"?>
<!-- Generated by org.testng.reporters.JUnitReportReporter -->
<testsuite hostname="MD_TOUFIQUE" failures="0" tests="1" name="tests.TC_NavigateRandomCategory" time="1.173" errors="0" timestamp="2025-07-13T01:48:40 IST" skipped="0">
  <testcase classname="tests.TC_NavigateRandomCategory" name="navigateToRandomCategoryAndAssertProducts" time="1.173"/>
</testsuite> <!-- tests.TC_NavigateRandomCategory -->
