<?xml version="1.0" encoding="UTF-8"?>
<!-- Generated by org.testng.reporters.JUnitReportReporter -->
<testsuite hostname="MD_TOUFIQUE" failures="0" tests="2" name="tests.TC_PrintMainCategory" time="1.547" errors="0" timestamp="2025-07-13T01:39:46 IST" skipped="0">
  <testcase classname="tests.TC_PrintMainCategory" name="navigateToRandomCategory" time="1.483"/>
  <testcase classname="tests.TC_PrintMainCategory" name="printMainCategories" time="0.064"/>
</testsuite> <!-- tests.TC_PrintMainCategory -->
